+ true
++ pwd
+ [[ -f /home/gmukko/00-manual/projects/baseline-python/pyproject.toml ]]
+ break
+ source .env
++ export PYTHONPATH=src
++ PYTHONPATH=src
++ export PROJECTNAME_GLOBAL_CONFIG_DIR=/etc/projectname
++ PROJECTNAME_GLOBAL_CONFIG_DIR=/etc/projectname
++ export PROJECTNAME_MODEL_CONFIG_DIR=./config/model
++ PROJECTNAME_MODEL_CONFIG_DIR=./config/model
+ .venv/bin/python ./src/interfaces/command_line/entrypoint.py test
INFO:     Started server process [1230078]
INFO:     Waiting for application startup.
2025-11-23 18:13:51.810  DEBUG     Using deployment environment: test
INFO:     Application startup complete.
INFO:     Uvicorn running on http://0.0.0.0:8000 (Press CTRL+C to quit)
INFO:     Shutting down
INFO:     Waiting for application shutdown.
INFO:     Application shutdown complete.
INFO:     Finished server process [1230078]
Terminated
